<?xml version="1.0" encoding="UTF-8"?>
<!-- Generated by org.testng.reporters.JUnitReportReporter -->
<testsuite skipped="0" hostname="DESKTOP-941BKNN" name="Test.LoginTest" tests="1" failures="0" timestamp="21 May 2021 15:34:18 GMT" time="12.161" errors="0">
  <testcase name="verifyingtheloginpage" time="12.161" classname="Test.LoginTest"/>
</testsuite> <!-- Test.LoginTest -->
